Floating holiday for Christian New Year Day on Wednesday, 1-Jan-2025 in Bengaluru
Floating holiday for New Year Day on Wednesday, 1-Jan-2025 in Bengaluru
Floating holiday for Mannam Jayanthi on Thursday, 2-Jan-2025 in Bengaluru
Floating holiday for Birthday of Sri Guru Gobind Singh Ji on Monday, 6-Jan-2025 in Bengaluru
Floating holiday for Prakash Purab of Guru Gobind Singh Ji on Monday, 6-Jan-2025 in Bengaluru
Floating holiday for Guru Govind Singh Jayanti on Monday, 6-Jan-2025 in Bengaluru
Floating holiday for Birthday of Maharishi Guru Gokulnathji Maharaj on Monday, 6-Jan-2025 in Bengaluru
Floating holiday for Shri Guru Gobind Singh Ji Jayanti on Monday, 6-Jan-2025 in Bengaluru
Floating holiday for Guru Gobind Singh's Birthday on Monday, 6-Jan-2025 in Bengaluru
Floating holiday for Urs of Hazrat Khwaja Moinuddin Chishti Ajmeri Garib Nawaz Rehman on Wednesday, 8-Jan-2025 in Bengaluru
Floating holiday for Hazarat Ali’s Birthday on Sunday, 12-Jan-2025 in Bengaluru
Floating holiday for Birthday of Swami Vivekananda on Sunday, 12-Jan-2025 in Bengaluru
Floating holiday for Lohari Parv on Monday, 13-Jan-2025 in Bengaluru
Floating holiday for Lohri on Monday, 13-Jan-2025 in Bengaluru
Floating holiday for Bhogi on Monday, 13-Jan-2025 in Bengaluru
Mandatory holiday for Pongal on Tuesday, 14-Jan-2025 in Bengaluru
Mandatory holiday for Uttarayana on Tuesday, 14-Jan-2025 in Bengaluru
Mandatory holiday for Makar Sankranti on Tuesday, 14-Jan-2025 in Bengaluru
Floating holiday for Vassi Uttarayan (Next Day of Makar Sankranti) on Wednesday, 15-Jan-2025 in Bengaluru
Floating holiday for Thiruvalluvar Day on Wednesday, 15-Jan-2025 in Bengaluru
Floating holiday for Kanumu on Wednesday, 15-Jan-2025 in Bengaluru
Floating holiday for Uzhavar Thirunal on Thursday, 16-Jan-2025 in Bengaluru
Floating holiday for Martyrdom day of Hemu Kalani on Tuesday, 21-Jan-2025 in Bengaluru
Floating holiday for Netaji's Birthday on Thursday, 23-Jan-2025 in Bengaluru
Floating holiday for Subash Chandra Bose Jayanti on Thursday, 23-Jan-2025 in Bengaluru
Floating holiday for Vir Surendrasai Jayanti on Thursday, 23-Jan-2025 in Bengaluru
Floating holiday for Jananayak Karpoori Thakur Birth Anniversary on Friday, 24-Jan-2025 in Bengaluru
Floating holiday for Foundation Day of Brahma Samaj on Saturday, 25-Jan-2025 in Bengaluru
Mandatory holiday for Republic Day on Sunday, 26-Jan-2025 in Bengaluru
Floating holiday for Shab-E-Meraj on Tuesday, 28-Jan-2025 in Bengaluru
Floating holiday for Saraswati Puja (Sree Panchami) on Sunday, 2-Feb-2025 in Bengaluru
Floating holiday for Basanta Panchami on Sunday, 2-Feb-2025 in Bengaluru
Floating holiday for Sir Chhotu Ram Jayanti on Sunday, 2-Feb-2025 in Bengaluru
Floating holiday for Day after Saraswati Puja on Monday, 3-Feb-2025 in Bengaluru
Floating holiday for Sri Panchami on Monday, 3-Feb-2025 in Bengaluru
Floating holiday for Basant Panchami on Monday, 3-Feb-2025 in Bengaluru
Floating holiday for Dev Narayan Jayanti on Tuesday, 4-Feb-2025 in Bengaluru
Floating holiday for Narmada Jayanti on Tuesday, 4-Feb-2025 in Bengaluru
Floating holiday for Shri MadvaNavami on Thursday, 6-Feb-2025 in Bengaluru
Floating holiday for Vishwakarma Jayanti on Monday, 10-Feb-2025 in Bengaluru
Floating holiday for Vishvakarma Jayanti (Maha Sud-13) on Monday, 10-Feb-2025 in Bengaluru
Floating holiday for Birthday of Swami Ramcharan Ji Maharaj on Tuesday, 11-Feb-2025 in Bengaluru
Floating holiday for Swami Ramcharan Jayanti on Tuesday, 11-Feb-2025 in Bengaluru
Floating holiday for Thai Poosam on Tuesday, 11-Feb-2025 in Bengaluru
Floating holiday for Saint Shiromani Ravidasji's Birthday on Wednesday, 12-Feb-2025 in Bengaluru
Floating holiday for Saint Ravi Das's Birthday on Wednesday, 12-Feb-2025 in Bengaluru
Floating holiday for Guru Ravidas Jayanti on Wednesday, 12-Feb-2025 in Bengaluru
Floating holiday for Birthday of Guru Ravidas on Wednesday, 12-Feb-2025 in Bengaluru
Floating holiday for Shab-E-Barath* on Thursday, 13-Feb-2025 in Bengaluru
Floating holiday for Shab-E-Barat on Friday, 14-Feb-2025 in Bengaluru
Floating holiday for Birthday of Thakur Panchanan Barma on Friday, 14-Feb-2025 in Bengaluru
Floating holiday for Birthday of Dhani Matang Dev on Saturday, 15-Feb-2025 in Bengaluru
Floating holiday for Chhatrapati Shivaji Maharaj Jayanti on Wednesday, 19-Feb-2025 in Bengaluru
Floating holiday for Sabari Jayanti on Thursday, 20-Feb-2025 in Bengaluru
Floating holiday for Gadge Maharaj Jayanti on Sunday, 23-Feb-2025 in Bengaluru
Floating holiday for Maharshi Dayanand Saraswati Jayanti on Sunday, 23-Feb-2025 in Bengaluru
Floating holiday for Maha Shivaratri on Wednesday, 26-Feb-2025 in Bengaluru
Floating holiday for Mahashivaratri on Wednesday, 26-Feb-2025 in Bengaluru
Floating holiday for Shivaratri on Wednesday, 26-Feb-2025 in Bengaluru
Floating holiday for Eklavya Jayanti on Wednesday, 26-Feb-2025 in Bengaluru
Floating holiday for Next day of Mahashivaratri on Thursday, 27-Feb-2025 in Bengaluru
Floating holiday for Ayya Vaikunda Swami Jayanthi on Tuesday, 4-Mar-2025 in Bengaluru
Floating holiday for Panchayati Raj Divas on Wednesday, 5-Mar-2025 in Bengaluru
Floating holiday for Holi Festival on Thursday, 13-Mar-2025 in Bengaluru
Floating holiday for Holi on Thursday, 13-Mar-2025 in Bengaluru
Floating holiday for Holika Dahan on Thursday, 13-Mar-2025 in Bengaluru
Floating holiday for Holi (Second Day) on Friday, 14-Mar-2025 in Bengaluru
Floating holiday for Dulandi on Friday, 14-Mar-2025 in Bengaluru
Floating holiday for Dola Purnima on Friday, 14-Mar-2025 in Bengaluru
Floating holiday for Holi 2nd Day- Dhuleti on Friday, 14-Mar-2025 in Bengaluru
Floating holiday for Doljatra on Friday, 14-Mar-2025 in Bengaluru
Floating holiday for Holi on Friday, 14-Mar-2025 in Bengaluru
Floating holiday for Holi on Saturday, 15-Mar-2025 in Bengaluru
Floating holiday for Hola on Saturday, 15-Mar-2025 in Bengaluru
Floating holiday for Day after Doljatra on Saturday, 15-Mar-2025 in Bengaluru
Floating holiday for Bhai Duj on Sunday, 16-Mar-2025 in Bengaluru
Floating holiday for Dodarmal Jayanti on Tuesday, 18-Mar-2025 in Bengaluru
Floating holiday for Virangana Avantibai ka Balidan Diwas on Thursday, 20-Mar-2025 in Bengaluru
Floating holiday for Jamshedi Navroz (Parsi Shahenshahi & Parsi Kadmi) on Friday, 21-Mar-2025 in Bengaluru
Floating holiday for Shahadat HZT Ali (RA) on Friday, 21-Mar-2025 in Bengaluru
Floating holiday for Shahadat-e-Hazarat Ali on Saturday, 22-Mar-2025 in Bengaluru
Floating holiday for Martyrdom day of Bhagat Singh, Rajguru & Sukhdev on Sunday, 23-Mar-2025 in Bengaluru
Floating holiday for Shadeedi Diwas on Sunday, 23-Mar-2025 in Bengaluru
Floating holiday for Bhakt Mata Karma Jayanti on Tuesday, 25-Mar-2025 in Bengaluru
Floating holiday for Birthday of Shri Shri Harichand Thakur (Madhu Krishna Troyodashi Tithi) on Thursday, 27-Mar-2025 in Bengaluru
Floating holiday for Shab-E-Qadar on Thursday, 27-Mar-2025 in Bengaluru
Floating holiday for Jumat-Ul-Vida on Friday, 28-Mar-2025 in Bengaluru
Floating holiday for Shab-E-Qader on Friday, 28-Mar-2025 in Bengaluru
Floating holiday for Jumuatul Wada on Friday, 28-Mar-2025 in Bengaluru
Floating holiday for Jumat-Ul-Vida (Last day of ramzan) on Friday, 28-Mar-2025 in Bengaluru
Floating holiday for Ugadi Festival on Sunday, 30-Mar-2025 in Bengaluru
Floating holiday for Ugadi on Sunday, 30-Mar-2025 in Bengaluru
Floating holiday for Gudhi Padwa on Sunday, 30-Mar-2025 in Bengaluru
Floating holiday for Telugu New Year's Day on Sunday, 30-Mar-2025 in Bengaluru
Floating holiday for Cheti Chand on Sunday, 30-Mar-2025 in Bengaluru
Floating holiday for Day before Eid-Ul-Fitr on Sunday, 30-Mar-2025 in Bengaluru
Mandatory holiday for Id-Ul-Fitr * on Monday, 31-Mar-2025 in Bengaluru
Mandatory holiday for Ramdan on Monday, 31-Mar-2025 in Bengaluru
Mandatory holiday for Khutub-e-Ramzan * on Monday, 31-Mar-2025 in Bengaluru
Mandatory holiday for Bhagwan Meenesh Jayanti on Monday, 31-Mar-2025 in Bengaluru
Floating holiday for Ramjan-Ed (Id-Ul-Fitra) (2nd Shawaal) on Tuesday, 1-Apr-2025 in Bengaluru
Floating holiday for Utkal Divas on Tuesday, 1-Apr-2025 in Bengaluru
Floating holiday for Day after Eid-Ul-Fitr on Tuesday, 1-Apr-2025 in Bengaluru
Floating holiday for Following day of Ramzan on Tuesday, 1-Apr-2025 in Bengaluru
Floating holiday for Eid-Ul-Fitr on Tuesday, 1-Apr-2025 in Bengaluru
Floating holiday for Nishadraj Jayanti on Wednesday, 2-Apr-2025 in Bengaluru
Floating holiday for Devara Daseemaiah Jayanthi on Wednesday, 2-Apr-2025 in Bengaluru
Floating holiday for Babu Jagjivan Ram's Birthday on Saturday, 5-Apr-2025 in Bengaluru
Floating holiday for Maharishi Kashyap and Maharaja Nishadraj Guha Jayanti on Saturday, 5-Apr-2025 in Bengaluru
Floating holiday for Sri Ramanavami on Sunday, 6-Apr-2025 in Bengaluru
Floating holiday for Shri Ram Navami on Sunday, 6-Apr-2025 in Bengaluru
Floating holiday for Ram Navami on Sunday, 6-Apr-2025 in Bengaluru
Floating holiday for Mahavir Jayanti on Thursday, 10-Apr-2025 in Bengaluru
Floating holiday for Mahaveer Jayanthi on Thursday, 10-Apr-2025 in Bengaluru
Floating holiday for Mahavir Janma Kalyanak on Thursday, 10-Apr-2025 in Bengaluru
Floating holiday for Mahavir Janmakalyanak on Thursday, 10-Apr-2025 in Bengaluru
Floating holiday for Hatkeshvar Jayanti on Friday, 11-Apr-2025 in Bengaluru
Floating holiday for Mahatma Jyotiba Phule Jayanti on Friday, 11-Apr-2025 in Bengaluru
Floating holiday for Pesah (1st Day)(Yahudi) on Saturday, 12-Apr-2025 in Bengaluru
Floating holiday for Hanuman Jayanti on Saturday, 12-Apr-2025 in Bengaluru
Floating holiday for Vaisakhi on Sunday, 13-Apr-2025 in Bengaluru
Floating holiday for Baisakhi on Sunday, 13-Apr-2025 in Bengaluru
Floating holiday for Chhath Puja on Sunday, 13-Apr-2025 in Bengaluru
Floating holiday for Vaisakhi on Monday, 14-Apr-2025 in Bengaluru
Floating holiday for Dr. B.R. Ambedkar Jayanthi on Monday, 14-Apr-2025 in Bengaluru
Floating holiday for Dr. Baba Saheb Ambedkar's Birthday on Monday, 14-Apr-2025 in Bengaluru
Floating holiday for Souramana Ugadi on Monday, 14-Apr-2025 in Bengaluru
Floating holiday for Tamil New Year's Day on Monday, 14-Apr-2025 in Bengaluru
Floating holiday for Maha Vishuva Sankranti on Monday, 14-Apr-2025 in Bengaluru
Floating holiday for Dr. Ambedkar Jayanti on Monday, 14-Apr-2025 in Bengaluru
Floating holiday for Dr. B.R. Ambedkar's Birthday on Monday, 14-Apr-2025 in Bengaluru
Floating holiday for Vishu on Monday, 14-Apr-2025 in Bengaluru
Floating holiday for Bengali New Year's Day (Nababarsha) on Tuesday, 15-Apr-2025 in Bengaluru
Floating holiday for Chandrashekhar Jayanti on Thursday, 17-Apr-2025 in Bengaluru
Floating holiday for Maundy Thursday on Thursday, 17-Apr-2025 in Bengaluru
Floating holiday for Good Friday on Friday, 18-Apr-2025 in Bengaluru
Floating holiday for Holy Saturday on Saturday, 19-Apr-2025 in Bengaluru
Floating holiday for Easter Saturday on Saturday, 19-Apr-2025 in Bengaluru
Floating holiday for Easter Day on Saturday, 19-Apr-2025 in Bengaluru
Floating holiday for Easter on Sunday, 20-Apr-2025 in Bengaluru
Floating holiday for Easter Monday on Monday, 21-Apr-2025 in Bengaluru
Floating holiday for Zarthost-No-Disho (Parsi Kadami) on Tuesday, 22-Apr-2025 in Bengaluru
Floating holiday for Maha Prabhuji's Praktyotsava (Vallabhacharya Jayanit) on Thursday, 24-Apr-2025 in Bengaluru
Floating holiday for Sain Jayanti on Friday, 25-Apr-2025 in Bengaluru
Floating holiday for Bhagwan Shree Parshuram Jayanti (Vaishakh Sud-2) on Tuesday, 29-Apr-2025 in Bengaluru
Floating holiday for Parshuram Jayanti on Tuesday, 29-Apr-2025 in Bengaluru
Floating holiday for Akshaya Tritiya on Wednesday, 30-Apr-2025 in Bengaluru
Floating holiday for Basava Jayanthi on Wednesday, 30-Apr-2025 in Bengaluru
Floating holiday for Parshuram Jayanti on Wednesday, 30-Apr-2025 in Bengaluru
Mandatory holiday for May Day on Thursday, 1-May-2025 in Bengaluru
Mandatory holiday for Maharashtra Din on Thursday, 1-May-2025 in Bengaluru
Floating holiday for Shree Adhya Jagadguru Shankaracharya Jayanti (Vaishakh Sud-5) on Friday, 2-May-2025 in Bengaluru
Floating holiday for Sri Shankarayacharya Jayanthi on Friday, 2-May-2025 in Bengaluru
Floating holiday for Sri Ramanujacharya Jayanthi on Friday, 2-May-2025 in Bengaluru
Floating holiday for Birthday of Rabindranath Tagore on Friday, 2-May-2025 in Bengaluru
Floating holiday for Loknayak Maharana Pratap Jayanti on Friday, 2-May-2025 in Bengaluru
Floating holiday for Darshanik Diwas on Friday, 2-May-2025 in Bengaluru
Floating holiday for Ekatma Diwas on Friday, 2-May-2025 in Bengaluru
Floating holiday for Shri Chitragupt ji ka prakat utsav on Sunday, 4-May-2025 in Bengaluru
Floating holiday for Birthday of Pt. Raghunath Murmu on Monday, 12-May-2025 in Bengaluru
Floating holiday for Buddha Purnima (Vaishakh Sud-15) on Monday, 12-May-2025 in Bengaluru
Floating holiday for Buddha Purnima on Monday, 12-May-2025 in Bengaluru
Floating holiday for Kewat Jayanti on Thursday, 15-May-2025 in Bengaluru
Floating holiday for Birthday of Raja Ram Mohan Roy on Thursday, 22-May-2025 in Bengaluru
Floating holiday for Zarthost-No-Disho (Parsi Shahenshahi) on Thursday, 22-May-2025 in Bengaluru
Floating holiday for Maharshi Kayshap Jayanti on Saturday, 24-May-2025 in Bengaluru
Floating holiday for Sabitri Amabasya on Tuesday, 27-May-2025 in Bengaluru
Floating holiday for Maharana Pratap Jayanti on Thursday, 29-May-2025 in Bengaluru
Floating holiday for chhatrasal jayanti on Thursday, 29-May-2025 in Bengaluru
Floating holiday for Martyrdom day of Sri Guru Arjan Dev Ji on Friday, 30-May-2025 in Bengaluru
Floating holiday for Guru Arjan Dev's Martyrdom Day on Friday, 30-May-2025 in Bengaluru
Floating holiday for Mata Ahilya's Birthday on Saturday, 31-May-2025 in Bengaluru
Floating holiday for Telangana State Formation day on Monday, 2-Jun-2025 in Bengaluru
Floating holiday for Shavuoth (Yahudi) on Monday, 2-Jun-2025 in Bengaluru
Floating holiday for Mahesh Jayanti on Wednesday, 4-Jun-2025 in Bengaluru
Floating holiday for Id-ul-Ad’ha (Bakrid)* on Friday, 6-Jun-2025 in Bengaluru
Floating holiday for Day before Eid-UI-Zuha (Bakrid) on Friday, 6-Jun-2025 in Bengaluru
Floating holiday for Bakrid (Idul Azha) on Saturday, 7-Jun-2025 in Bengaluru
Floating holiday for Pahili Raja on Saturday, 7-Jun-2025 in Bengaluru
Floating holiday for Id-Ul-Zuha (Bakrid) on Saturday, 7-Jun-2025 in Bengaluru
Floating holiday for Eid-Ul-Zuha on Saturday, 7-Jun-2025 in Bengaluru
Floating holiday for Eid-Ul-Adha (Bakri-Eid) on Saturday, 7-Jun-2025 in Bengaluru
Floating holiday for Eid-Ul-Zuha (Bakrid) on Saturday, 7-Jun-2025 in Bengaluru
Floating holiday for Bakrid on Saturday, 7-Jun-2025 in Bengaluru
Floating holiday for Id-Ul-Zuha (Bakrid) on Sunday, 8-Jun-2025 in Bengaluru
Floating holiday for Bada Mahadev Pujan on Monday, 9-Jun-2025 in Bengaluru
Floating holiday for Sant Kabir Jayanti on Wednesday, 11-Jun-2025 in Bengaluru
Floating holiday for Kabir Jayanti on Wednesday, 11-Jun-2025 in Bengaluru
Floating holiday for Gadeer-E-Khum on Saturday, 14-Jun-2025 in Bengaluru
Floating holiday for EID_E Ghadeer on Sunday, 15-Jun-2025 in Bengaluru
Floating holiday for Raja Sankranti on Sunday, 15-Jun-2025 in Bengaluru
Floating holiday for Veerangana Durgavati ka Balidan Diwas on Tuesday, 24-Jun-2025 in Bengaluru
Floating holiday for Rathayatra (Ashadhi Bij) (Ashadh Sud -2) on Friday, 27-Jun-2025 in Bengaluru
Floating holiday for Ratha Yathra on Friday, 27-Jun-2025 in Bengaluru
Floating holiday for Hul Diwas on Monday, 30-Jun-2025 in Bengaluru
Floating holiday for 9th Muharram on Saturday, 5-Jul-2025 in Bengaluru
Floating holiday for Yom-a-Ashura on Saturday, 5-Jul-2025 in Bengaluru
Floating holiday for Bahuda Yatra on Saturday, 5-Jul-2025 in Bengaluru
Floating holiday for 9th Moharram (1446H) on Saturday, 5-Jul-2025 in Bengaluru
Floating holiday for Last Day of Moharam on Sunday, 6-Jul-2025 in Bengaluru
Floating holiday for Ashoora (Muharram) on Sunday, 6-Jul-2025 in Bengaluru
Floating holiday for Shahadat Imam Hussain (R.A) 10th Moharam on Sunday, 6-Jul-2025 in Bengaluru
Floating holiday for Muharram on Sunday, 6-Jul-2025 in Bengaluru
Floating holiday for Muharram on Monday, 7-Jul-2025 in Bengaluru
Floating holiday for Guru Purnima on Thursday, 10-Jul-2025 in Bengaluru
Floating holiday for Gatha Gahamber (Parsi Kadmi) on Sunday, 13-Jul-2025 in Bengaluru
Floating holiday for Birthday of Poet Bhanu Bhakt on Sunday, 13-Jul-2025 in Bengaluru
Floating holiday for Parsi New Year Day Eve (Gatha-V) (Parshi Kadmi) on Tuesday, 15-Jul-2025 in Bengaluru
Floating holiday for Parsi New Year Day (Parshi Kadmi) on Wednesday, 16-Jul-2025 in Bengaluru
Floating holiday for Bonalu on Monday, 21-Jul-2025 in Bengaluru
Floating holiday for Khordad Sal (Parsi Kadmi) on Monday, 21-Jul-2025 in Bengaluru
Floating holiday for Karkadaka Vavu on Thursday, 24-Jul-2025 in Bengaluru
Floating holiday for Hariyali Teej on Sunday, 27-Jul-2025 in Bengaluru
Floating holiday for Nagpanchami on Tuesday, 29-Jul-2025 in Bengaluru
Floating holiday for Shaheed Udham Singh Martyrdom Day on Thursday, 31-Jul-2025 in Bengaluru
Floating holiday for Goswami Tulsidas Jayanti on Thursday, 31-Jul-2025 in Bengaluru
Floating holiday for Tisha-be-aav (Yahudi) on Sunday, 3-Aug-2025 in Bengaluru
Floating holiday for Varamahalakshmi Vratha on Friday, 8-Aug-2025 in Bengaluru
Floating holiday for Varalakshmi Vratham on Friday, 8-Aug-2025 in Bengaluru
Floating holiday for Yajur Upakarma on Saturday, 9-Aug-2025 in Bengaluru
Floating holiday for International Day of the World's Indigenous Peoples on Saturday, 9-Aug-2025 in Bengaluru
Floating holiday for Sravana Purnima on Saturday, 9-Aug-2025 in Bengaluru
Floating holiday for Rakhi Purnima on Saturday, 9-Aug-2025 in Bengaluru
Floating holiday for Jhulana Purnima on Saturday, 9-Aug-2025 in Bengaluru
Floating holiday for World Tribal Day on Saturday, 9-Aug-2025 in Bengaluru
Floating holiday for Raksha Bandhan on Saturday, 9-Aug-2025 in Bengaluru
Floating holiday for Rug-Upakarma on Saturday, 9-Aug-2025 in Bengaluru
Floating holiday for Avani Avittom on Saturday, 9-Aug-2025 in Bengaluru
Floating holiday for Gatha Gahamber (Gatha-III) (Parsi Shahenshahi) on Tuesday, 12-Aug-2025 in Bengaluru
Floating holiday for Durgadas Rathore Jayanti on Wednesday, 13-Aug-2025 in Bengaluru
Floating holiday for Parsi New Year Day Eve (Gatha-V) (Parshi Shahenshahi) on Thursday, 14-Aug-2025 in Bengaluru
Floating holiday for Chehlum on Thursday, 14-Aug-2025 in Bengaluru
Floating holiday for Balram Jayanti on Thursday, 14-Aug-2025 in Bengaluru
Mandatory holiday for Parsi New Year Day- Pateti (Parsi Shahenshahi) on Friday, 15-Aug-2025 in Bengaluru
Mandatory holiday for Independence Day on Friday, 15-Aug-2025 in Bengaluru
Mandatory holiday for Arbayeen on Friday, 15-Aug-2025 in Bengaluru
Mandatory holiday for Thadadi on Friday, 15-Aug-2025 in Bengaluru
Floating holiday for Janmashtami (Shravan Vad-8) on Saturday, 16-Aug-2025 in Bengaluru
Floating holiday for Krishna Jayanthi on Saturday, 16-Aug-2025 in Bengaluru
Floating holiday for Janmashtami on Saturday, 16-Aug-2025 in Bengaluru
Floating holiday for Sri Krishna Astami (as per Srivaishnava Agamam) on Saturday, 16-Aug-2025 in Bengaluru
Floating holiday for Shri Krishna Janmashtami on Saturday, 16-Aug-2025 in Bengaluru
Floating holiday for Nand Utsav on Sunday, 17-Aug-2025 in Bengaluru
Floating holiday for Khordad Sal (Parsi Shahenshahi) on Wednesday, 20-Aug-2025 in Bengaluru
Floating holiday for Shravan Vad-12 (Paryusan 1st Day) (Chaturthi Paksha) on Wednesday, 20-Aug-2025 in Bengaluru
Floating holiday for Shravan Vad-13 (Paryusan 1st Day) (Panchami Paksha) on Thursday, 21-Aug-2025 in Bengaluru
Floating holiday for Shahadat-e-Imam Husan on Saturday, 23-Aug-2025 in Bengaluru
Floating holiday for Mahavir Swami Janma Vachan (Chaturthi Paksha) on Sunday, 24-Aug-2025 in Bengaluru
Floating holiday for Swarna Gowri Vrata on Tuesday, 26-Aug-2025 in Bengaluru
Mandatory holiday for Varasidhi Vinayaka Vrata on Wednesday, 27-Aug-2025 in Bengaluru
Mandatory holiday for Ganesh Chaturthi on Wednesday, 27-Aug-2025 in Bengaluru
Floating holiday for Samvatsari (Panchami Paksha) on Thursday, 28-Aug-2025 in Bengaluru
Floating holiday for Ayyankali Jayanthi on Thursday, 28-Aug-2025 in Bengaluru
Floating holiday for Nuakhai on Thursday, 28-Aug-2025 in Bengaluru
Floating holiday for Samwatsari on Thursday, 28-Aug-2025 in Bengaluru
Floating holiday for Navakhai on Saturday, 30-Aug-2025 in Bengaluru
Floating holiday for Teja ji Maharaj ka Nirman Divas on Tuesday, 2-Sep-2025 in Bengaluru
Floating holiday for Ramdev Jayanti, Teja Dashmi & Khejarli Shahid Day on Tuesday, 2-Sep-2025 in Bengaluru
Floating holiday for Dol Gyaras on Wednesday, 3-Sep-2025 in Bengaluru
Floating holiday for Kail Muhuruth on Wednesday, 3-Sep-2025 in Bengaluru
Floating holiday for First Onam on Thursday, 4-Sep-2025 in Bengaluru
Floating holiday for Eid Miladun Nabi on Friday, 5-Sep-2025 in Bengaluru
Floating holiday for Milad-Ul-Nabi on Friday, 5-Sep-2025 in Bengaluru
Floating holiday for Onam Festival on Friday, 5-Sep-2025 in Bengaluru
Floating holiday for Id-E-Milad on Friday, 5-Sep-2025 in Bengaluru
Floating holiday for Fateha-Dwaz-Daham on Friday, 5-Sep-2025 in Bengaluru
Floating holiday for Eid-e-Meeladunnabi (Prophet Mohammad's Birthday) (Bara Vafat) on Friday, 5-Sep-2025 in Bengaluru
Floating holiday for Birthday of Prophet Muhammad on Friday, 5-Sep-2025 in Bengaluru
Floating holiday for Barawfath on Friday, 5-Sep-2025 in Bengaluru
Floating holiday for Third Onam on Saturday, 6-Sep-2025 in Bengaluru
Floating holiday for Anant Chaturdashi on Saturday, 6-Sep-2025 in Bengaluru
Floating holiday for Ananta Padmanabha Vrata on Saturday, 6-Sep-2025 in Bengaluru
Floating holiday for Sree Narayana Guru Jayanthi on Sunday, 7-Sep-2025 in Bengaluru
Floating holiday for Brahma Shri Naryana Guru Jayanti on Sunday, 7-Sep-2025 in Bengaluru
Floating holiday for Fourth Onam on Sunday, 7-Sep-2025 in Bengaluru
Floating holiday for Kanya Mariyamma Jayanti on Monday, 8-Sep-2025 in Bengaluru
Floating holiday for Id-e-Maulud on Wednesday, 10-Sep-2025 in Bengaluru
Floating holiday for Sreekrishna Jayanthi on Sunday, 14-Sep-2025 in Bengaluru
Floating holiday for Vishwakarma Day on Wednesday, 17-Sep-2025 in Bengaluru
Floating holiday for Vishwakarma Puja on Wednesday, 17-Sep-2025 in Bengaluru
Floating holiday for Vishwakarma Jayanthi on Wednesday, 17-Sep-2025 in Bengaluru
Floating holiday for Raja Shanker Shah tatha Ragunath Shah ka Balidan Diwas on Thursday, 18-Sep-2025 in Bengaluru
Floating holiday for Pran Nath Jayanti on Saturday, 20-Sep-2025 in Bengaluru
Floating holiday for Mahalaya on Sunday, 21-Sep-2025 in Bengaluru
Floating holiday for Bathukamma Starting Day on Sunday, 21-Sep-2025 in Bengaluru
Floating holiday for Sarvpitra Moksha Amawashya on Sunday, 21-Sep-2025 in Bengaluru
Floating holiday for Sree Narayana Guru Samadhi on Sunday, 21-Sep-2025 in Bengaluru
Floating holiday for Mahalaya Amavasye on Sunday, 21-Sep-2025 in Bengaluru
Floating holiday for Navratra Sthapana & Maharaja Agrasen Jayanti on Monday, 22-Sep-2025 in Bengaluru
Floating holiday for Maharaja Agrasen Jayanti on Monday, 22-Sep-2025 in Bengaluru
Floating holiday for Haryana War Heroes Martyrdom Day on Tuesday, 23-Sep-2025 in Bengaluru
Floating holiday for Rosh Hashanah (1st Day) (New Year) (Yahudi) on Tuesday, 23-Sep-2025 in Bengaluru
Floating holiday for Shadeedi Divas on Tuesday, 23-Sep-2025 in Bengaluru
Floating holiday for Durga Puja (Maha Chaturthi) on Friday, 26-Sep-2025 in Bengaluru
Floating holiday for Durga Puja (Maha Panchami) on Saturday, 27-Sep-2025 in Bengaluru
Floating holiday for Durga Puja (Maha Shashtmi) on Sunday, 28-Sep-2025 in Bengaluru
Floating holiday for Durga Puja (Maha Saptami) on Monday, 29-Sep-2025 in Bengaluru
Floating holiday for Mahasaptami on Monday, 29-Sep-2025 in Bengaluru
Floating holiday for Mahastami on Tuesday, 30-Sep-2025 in Bengaluru
Floating holiday for Dussera (Maha Astami) on Tuesday, 30-Sep-2025 in Bengaluru
Floating holiday for Durga Puja (Maha Astami) on Tuesday, 30-Sep-2025 in Bengaluru
Floating holiday for Durgashtami on Tuesday, 30-Sep-2025 in Bengaluru
Floating holiday for Durga Puja (Maha Nabami) on Wednesday, 1-Oct-2025 in Bengaluru
Floating holiday for Dussehra (Maha Navami) on Wednesday, 1-Oct-2025 in Bengaluru
Floating holiday for Maharnavami on Wednesday, 1-Oct-2025 in Bengaluru
Floating holiday for Mahanavami on Wednesday, 1-Oct-2025 in Bengaluru
Floating holiday for Ayudhapooja on Wednesday, 1-Oct-2025 in Bengaluru
Floating holiday for Vijayadasami on Wednesday, 1-Oct-2025 in Bengaluru
Floating holiday for Eve of Kippur (Yahudi) on Wednesday, 1-Oct-2025 in Bengaluru
Mandatory holiday for Yom Kippur (Yahudi) on Thursday, 2-Oct-2025 in Bengaluru
Mandatory holiday for Dussehra on Thursday, 2-Oct-2025 in Bengaluru
Mandatory holiday for Durga Puja (Dasami) on Thursday, 2-Oct-2025 in Bengaluru
Mandatory holiday for Vijaya Dasami on Thursday, 2-Oct-2025 in Bengaluru
Mandatory holiday for Mahatma Gandhi Jayanti on Thursday, 2-Oct-2025 in Bengaluru
Mandatory holiday for Dasara on Thursday, 2-Oct-2025 in Bengaluru
Floating holiday for Additional day for Durga Puja on Friday, 3-Oct-2025 in Bengaluru
Floating holiday for Next day of Vijaya Dasami on Friday, 3-Oct-2025 in Bengaluru
Floating holiday for Dussera on Friday, 3-Oct-2025 in Bengaluru
Floating holiday for Yaz Dahum Shareef on Saturday, 4-Oct-2025 in Bengaluru
Floating holiday for Additional day for Durga Puja on Saturday, 4-Oct-2025 in Bengaluru
Floating holiday for Lakshmi Puja on Monday, 6-Oct-2025 in Bengaluru
Floating holiday for Majaraja Ajmidh Jayanti on Tuesday, 7-Oct-2025 in Bengaluru
Floating holiday for Maharshi Valmiki Jayanthi on Tuesday, 7-Oct-2025 in Bengaluru
Floating holiday for Maharaj Ajmod Dev Jayanti on Tuesday, 7-Oct-2025 in Bengaluru
Floating holiday for Succoth (Yahudi) on Tuesday, 7-Oct-2025 in Bengaluru
Floating holiday for Tekchand Ji Maharaj ka Samadhi on Tuesday, 7-Oct-2025 in Bengaluru
Floating holiday for Additional day for Lakshmi Puja on Tuesday, 7-Oct-2025 in Bengaluru
Floating holiday for Kumar Purnima on Tuesday, 7-Oct-2025 in Bengaluru
Floating holiday for Karva Chauth on Friday, 10-Oct-2025 in Bengaluru
Floating holiday for Karva Chouth on Friday, 10-Oct-2025 in Bengaluru
Floating holiday for Dr. Saiyyadna Sahab ka Janm Diwas on Sunday, 12-Oct-2025 in Bengaluru
Floating holiday for Dhan Terash on Saturday, 18-Oct-2025 in Bengaluru
Floating holiday for Tula Sankramana on Saturday, 18-Oct-2025 in Bengaluru
Floating holiday for Naraka Chaturdhi on Sunday, 19-Oct-2025 in Bengaluru
Floating holiday for Deepawali on Sunday, 19-Oct-2025 in Bengaluru
Floating holiday for kali Chaudash on Sunday, 19-Oct-2025 in Bengaluru
Floating holiday for Diwali (Deepavali) on Monday, 20-Oct-2025 in Bengaluru
Floating holiday for Kali Puja on Monday, 20-Oct-2025 in Bengaluru
Floating holiday for Deepawali on Monday, 20-Oct-2025 in Bengaluru
Floating holiday for Naraka Chaturdashi on Monday, 20-Oct-2025 in Bengaluru
Floating holiday for Second Day of Deepawali on Tuesday, 21-Oct-2025 in Bengaluru
Floating holiday for Diwali on Tuesday, 21-Oct-2025 in Bengaluru
Floating holiday for Diwali Amavasya (Laxmi Pujan) on Tuesday, 21-Oct-2025 in Bengaluru
Floating holiday for Additional day for Kali Puja on Tuesday, 21-Oct-2025 in Bengaluru
Floating holiday for Govardhan Puja on Tuesday, 21-Oct-2025 in Bengaluru
Mandatory holiday for Deepavali on Wednesday, 22-Oct-2025 in Bengaluru
Mandatory holiday for Balipadyami on Wednesday, 22-Oct-2025 in Bengaluru
Floating holiday for Bhratridwitya on Thursday, 23-Oct-2025 in Bengaluru
Floating holiday for Bhaubeej on Thursday, 23-Oct-2025 in Bengaluru
Floating holiday for Bhai Bij on Thursday, 23-Oct-2025 in Bengaluru
Floating holiday for Bhai Duj on Thursday, 23-Oct-2025 in Bengaluru
Floating holiday for Chitragupta Jayanti on Thursday, 23-Oct-2025 in Bengaluru
Floating holiday for Day after Bhratridwitya on Friday, 24-Oct-2025 in Bengaluru
Floating holiday for Chhat Puja on Monday, 27-Oct-2025 in Bengaluru
Floating holiday for Chhath Puja on Tuesday, 28-Oct-2025 in Bengaluru
Floating holiday for Bhagwan Shahastrabahu Jayanti on Tuesday, 28-Oct-2025 in Bengaluru
Floating holiday for Chhat Puja on Tuesday, 28-Oct-2025 in Bengaluru
Floating holiday for Additional Day for Chhat Puja on Tuesday, 28-Oct-2025 in Bengaluru
Floating holiday for Sardar Vallabhbhai Patel and Acharya Narendra Dev Jayanti on Friday, 31-Oct-2025 in Bengaluru
Floating holiday for Sardar Vallabhbhai Patel's Birthday on Friday, 31-Oct-2025 in Bengaluru
Floating holiday for Anla Navami on Friday, 31-Oct-2025 in Bengaluru
Mandatory holiday for Kannada Rajyotsava on Saturday, 1-Nov-2025 in Bengaluru
Floating holiday for Guru Nanak's Birthday on Wednesday, 5-Nov-2025 in Bengaluru
Floating holiday for Dev Diwali (Kartak Sud-15) on Wednesday, 5-Nov-2025 in Bengaluru
Floating holiday for Rahas Purnima on Wednesday, 5-Nov-2025 in Bengaluru
Floating holiday for Kartika Purnima on Wednesday, 5-Nov-2025 in Bengaluru
Floating holiday for Guru Nanak Jayanti on Wednesday, 5-Nov-2025 in Bengaluru
Floating holiday for Birthday of Sri Guru Nanak Dev Ji on Wednesday, 5-Nov-2025 in Bengaluru
Floating holiday for Guru Nanak's Jayanthi on Wednesday, 5-Nov-2025 in Bengaluru
Floating holiday for Kanakadasa Jayanti on Saturday, 8-Nov-2025 in Bengaluru
Floating holiday for Prathamastami on Wednesday, 12-Nov-2025 in Bengaluru
Floating holiday for Birthday of Birsa Munda on Saturday, 15-Nov-2025 in Bengaluru
Floating holiday for Uda Devi Martyr’s Day on Sunday, 16-Nov-2025 in Bengaluru
Floating holiday for Birthday of HZT Syed Mohameed Juvunpuri Mahdi Ma'ud (A.S) on Sunday, 16-Nov-2025 in Bengaluru
Floating holiday for Jhalkari Jayanti on Saturday, 22-Nov-2025 in Bengaluru
Floating holiday for Martyrdom Day of Sri Guru Teg Bahadur on Monday, 24-Nov-2025 in Bengaluru
Floating holiday for Martyrdom Day of Sri Guru Teg Bahadur Ji on Tuesday, 25-Nov-2025 in Bengaluru
Floating holiday for Guru Teg Bahadur's Martyrdom Day on Tuesday, 25-Nov-2025 in Bengaluru
Floating holiday for Sant Shri Jintaran Taran Jayanti on Thursday, 27-Nov-2025 in Bengaluru
Floating holiday for Shrimad Bhagwad Gita Jayanti on Monday, 1-Dec-2025 in Bengaluru
Floating holiday for International Day of Disabled Persons on Wednesday, 3-Dec-2025 in Bengaluru
Floating holiday for Duttatrey Jayanti on Thursday, 4-Dec-2025 in Bengaluru
Floating holiday for Kranti SuryaTantya Bhil Balidan Diwas on Thursday, 4-Dec-2025 in Bengaluru
Floating holiday for Huttari Festival on Friday, 5-Dec-2025 in Bengaluru
Floating holiday for Shri Parshwanath Jayanti on Sunday, 14-Dec-2025 in Bengaluru
Floating holiday for Guru Ghasidas Jayanti on Thursday, 18-Dec-2025 in Bengaluru
Floating holiday for Chaudhary Charan Singh’s birthday on Tuesday, 23-Dec-2025 in Bengaluru
Floating holiday for Christmas Eve on Wednesday, 24-Dec-2025 in Bengaluru
Floating holiday for Guru Brahmanad Jayanti on Wednesday, 24-Dec-2025 in Bengaluru
Mandatory holiday for Christmas on Thursday, 25-Dec-2025 in Bengaluru
Floating holiday for Shaheed Udham Singh's Jayanti on Friday, 26-Dec-2025 in Bengaluru
Floating holiday for Following Day of Christmas (Boxing Day) on Friday, 26-Dec-2025 in Bengaluru
Floating holiday for Boxing Day (Next Day to Christmas) on Friday, 26-Dec-2025 in Bengaluru
Floating holiday for Guru Govind Singh Jayanti on Saturday, 27-Dec-2025 in Bengaluru
Floating holiday for Maharaja Khet Singh Khangarji Jayanti on Saturday, 27-Dec-2025 in Bengaluru
Floating holiday for Birthday of Sri Guru Gobind Singh Ji on Saturday, 27-Dec-2025 in Bengaluru
Floating holiday for Guru Govind Singh Birthday on Saturday, 27-Dec-2025 in Bengaluru
Floating holiday for Balinath Ji Bairwa Jayanti on Wednesday, 31-Dec-2025 in Bengaluru