Tuesday, January 14, 2025	Pongal/Makar Sankranti / Uttarayana (Only in Bengaluru, Chennai/Coimbatore, Hyderabad, Ahmedabad, Jaipur)
Thursday, January 23, 2025	Netaji’s Birthday (Only in Kolkata)
Wednesday, February 26, 2025	Mahashivratri (Only in Thiruvananthapuram)
Friday, March 14, 2025	Holi / Holi (Second Day) / Duleti (Only in Delhi, Noida, Gurugram, Mumbai/Pune/Nagpur, Ahmedabad, Jaipur, Indore)
Monday, March 31, 2025	Ramdan/Id-ul-Fitr*/ Khutub-E-Ramzan*/ Bhagwan Meenesh Jayanti (Only in Bengaluru, Chennai/Coimbatore, Delhi, Noida, Gurugram, Hyderabad, Mumbai/Pune/Nagpur, Kolkata, Ahmedabad, Jaipur, Indore, Bhubaneswar, Thiruvananthapuram)
Monday, April 14, 2025	Dr. Baba Saheb Ambedkar’s Birthday / Vishu / Dr. B. R. Ambedkar Jayanthi (Only in Noida, Thiruvananthapuram)
Friday, April 18, 2025	Good Friday (Only in Delhi, Gurugram, Ahmedabad, Jaipur, Indore, Bhubaneswar, Thiruvananthapuram)
Thursday, May 1, 2025	May Day / Maharashtra Din (Only in Bengaluru, Chennai/Coimbatore, Hyderabad, Mumbai/Pune/Nagpur, Kolkata, Bhubaneswar, Thiruvananthapuram)
Monday, June 2, 2025	Telangana Formation Day (Only in Hyderabad)
Friday, June 27, 2025	Rath Yatra (Only in Bhubaneswar)
Friday, August 15, 2025	Independence Day / Thadadi/ Parsi New Year Day- Pateti (Parsi Shahenshahi) / Arbayeen (Only in Bengaluru, Chennai/Coimbatore, Delhi, Noida, Gurugram, Hyderabad, Mumbai/Pune/Nagpur, Kolkata, Ahmedabad, Jaipur, Indore, Bhubaneswar, Thiruvananthapuram)
Wednesday, August 27, 2025	Ganesh Chaturthi / Varasiddhi Vinayaka Vrata (Only in Bengaluru, Chennai/Coimbatore, Mumbai/Pune/Nagpur)
Thursday, September 4, 2025	First Onam (Only in Thiruvananthapuram)
Friday, September 5, 2025	“Thiruvonam/Milad-i-Sherif (Birthday of Prophet Muhammed)” (Only in Thiruvananthapuram)
Tuesday, September 30, 2025	Durga Puja – Maha Ashtami (Only in Kolkata)
Thursday, October 2, 2025	Mahatma Gandhi Jayanti / Vijaya Dasami/ Durga Puja (Dasami) / Yom Kippur (Yahudi)  (Only in Bengaluru, Chennai/Coimbatore, Delhi, Noida, Gurugram, Hyderabad, Mumbai/Pune/Nagpur, Kolkata, Ahmedabad, Jaipur, Indore, Bhubaneswar, Thiruvananthapuram)
Monday, October 20, 2025	Deepawali / Kali Puja (Only in Chennai/Coimbatore, Delhi, Noida, Gurugram, Hyderabad, Kolkata, Ahmedabad, Jaipur, Indore Thiruvananthapuram)
Tuesday, October 21, 2025	Deepawali (Only in Mumbai/Pune/Nagpur, Bhubaneswar)
Wednesday, October 22, 2025	Balipadyami, Deepavali (Only in Bengaluru)
Wednesday, November 5, 2025	Guru Nanak Jayanti / Guru Nanak’s Birthday / Kartik Purnima (Only in Delhi, Noida, Gurugram, Indore)
Thursday, December 25, 2025	Christmas (Only in Bengaluru, Chennai/Coimbatore, Delhi, Noida, Gurugram, Hyderabad, Mumbai/Pune/Nagpur, Kolkata, Ahmedabad, Jaipur, Indore, Bhubaneswar, Thiruvananthapuram)
Sunday, January 26, 2025	Republic Day (Only in Bengaluru, Chennai/Coimbatore, Delhi, Noida, Gurugram, Hyderabad, Mumbai/Pune/Nagpur, Kolkata, Ahmedabad, Jaipur, Indore, Bhubaneswar, Thiruvananthapuram)
Saturday, November 1, 2025	Kannada Rajyotsava (Only in Bengaluru)